[2025-01-15 10:58:13,818: INFO: main: Welcome to our  custom logging]
[2025-01-16 14:39:08,643: INFO: common: yaml file: config\config.yaml loaded successfully]
[2025-01-16 14:39:08,659: INFO: common: yaml file: params.yaml loaded successfully]
[2025-01-16 14:39:08,719: INFO: common: yaml file: schema.yaml loaded successfully]
[2025-01-16 14:39:08,769: INFO: common: created directory at: artifacts]
[2025-01-16 14:39:08,815: INFO: common: created directory at: artifacts/data_validation]
[2025-01-16 18:37:55,927: INFO: common: yaml file: config\config.yaml loaded successfully]
[2025-01-16 18:37:56,171: INFO: common: yaml file: params.yaml loaded successfully]
[2025-01-16 18:37:56,184: INFO: common: yaml file: schema.yaml loaded successfully]
[2025-01-16 18:37:56,194: INFO: common: created directory at: artifacts]
[2025-01-16 18:37:56,274: INFO: common: created directory at: artifacts/data_transformation]
[2025-01-16 18:37:57,926: INFO: 2423110621: Splited data into training and test sets]
[2025-01-16 18:37:57,936: INFO: 2423110621: (9495, 6)]
[2025-01-16 18:37:57,939: INFO: 2423110621: (3165, 6)]
[2025-01-16 18:41:54,875: INFO: common: yaml file: config\config.yaml loaded successfully]
[2025-01-16 18:41:55,378: INFO: common: yaml file: params.yaml loaded successfully]
[2025-01-16 18:41:55,392: INFO: common: yaml file: schema.yaml loaded successfully]
[2025-01-16 18:41:55,398: INFO: common: created directory at: artifacts]
[2025-01-16 18:41:55,407: INFO: common: created directory at: artifacts/model_trainer]
[2025-01-16 18:45:13,942: INFO: common: yaml file: config\config.yaml loaded successfully]
[2025-01-16 18:45:13,949: INFO: common: yaml file: params.yaml loaded successfully]
[2025-01-16 18:45:13,960: INFO: common: yaml file: schema.yaml loaded successfully]
[2025-01-16 18:45:13,968: INFO: common: created directory at: artifacts]
[2025-01-16 18:45:13,982: INFO: common: created directory at: artifacts/model_trainer]
[2025-01-16 18:45:46,819: INFO: 2379397588: [epoch:0]: The loss value for training part=6082070528.0]
[2025-01-16 18:47:40,568: INFO: common: yaml file: config\config.yaml loaded successfully]
[2025-01-16 18:47:40,588: INFO: common: yaml file: params.yaml loaded successfully]
[2025-01-16 18:47:40,602: INFO: common: yaml file: schema.yaml loaded successfully]
[2025-01-16 18:47:40,614: INFO: common: created directory at: artifacts]
[2025-01-16 18:47:40,620: INFO: common: created directory at: artifacts/model_trainer]
[2025-01-16 18:47:46,020: INFO: 2576861259: [epoch:0]: The loss value for training part=6082070528.0]
[2025-01-16 18:49:31,624: INFO: common: yaml file: config\config.yaml loaded successfully]
[2025-01-16 18:49:31,635: INFO: common: yaml file: params.yaml loaded successfully]
[2025-01-16 18:49:31,652: INFO: common: yaml file: schema.yaml loaded successfully]
[2025-01-16 18:49:31,662: INFO: common: created directory at: artifacts]
[2025-01-16 18:49:31,672: INFO: common: created directory at: artifacts/model_trainer]
[2025-01-16 18:49:38,135: INFO: 1683266060: [epoch:0]: The loss value for training part=6082070528.0]
[2025-01-16 18:50:46,242: INFO: common: yaml file: config\config.yaml loaded successfully]
[2025-01-16 18:50:46,317: INFO: common: yaml file: params.yaml loaded successfully]
[2025-01-16 18:50:46,331: INFO: common: yaml file: schema.yaml loaded successfully]
[2025-01-16 18:50:46,337: INFO: common: created directory at: artifacts]
[2025-01-16 18:50:46,351: INFO: common: created directory at: artifacts/model_trainer]
[2025-01-16 18:50:51,422: INFO: 1683266060: [epoch:0]: The loss value for training part=6082070528.0]
[2025-01-16 18:51:22,858: INFO: 1683266060: [epoch:10]: The loss value for training part=6009809920.0]
[2025-01-16 18:53:09,352: INFO: common: yaml file: config\config.yaml loaded successfully]
[2025-01-16 18:53:09,360: INFO: common: yaml file: params.yaml loaded successfully]
[2025-01-16 18:53:09,374: INFO: common: yaml file: schema.yaml loaded successfully]
[2025-01-16 18:53:09,386: INFO: common: created directory at: artifacts]
[2025-01-16 18:53:09,393: INFO: common: created directory at: artifacts/model_trainer]
[2025-01-16 18:53:15,252: INFO: 110644740: [epoch:0]: The training loss=6082070528.0]
[2025-01-16 18:53:47,514: INFO: 110644740: [epoch:10]: The training loss=6009809920.0]
[2025-01-16 23:23:48,945: INFO: common: yaml file: config\config.yaml loaded successfully]
[2025-01-16 23:23:49,112: INFO: common: yaml file: params.yaml loaded successfully]
[2025-01-16 23:23:49,282: INFO: common: yaml file: schema.yaml loaded successfully]
[2025-01-16 23:23:49,314: INFO: common: created directory at: artifacts]
[2025-01-16 23:23:49,340: INFO: common: created directory at: artifacts/model_evaluation]
[2025-01-16 23:34:17,739: INFO: common: yaml file: config\config.yaml loaded successfully]
[2025-01-16 23:34:17,841: INFO: common: yaml file: params.yaml loaded successfully]
[2025-01-16 23:34:17,856: INFO: common: yaml file: schema.yaml loaded successfully]
[2025-01-16 23:34:17,887: INFO: common: created directory at: artifacts]
[2025-01-16 23:34:17,897: INFO: common: created directory at: artifacts/model_evaluation]
[2025-01-16 23:34:56,855: INFO: _client: HTTP Request: POST https://dagshub.com/login/oauth/middleman "HTTP/1.1 200 OK"]
[2025-01-16 23:34:58,240: INFO: _client: HTTP Request: POST https://dagshub.com/login/oauth/access_token "HTTP/1.1 200 OK"]
[2025-01-16 23:34:58,965: INFO: _client: HTTP Request: GET https://dagshub.com/api/v1/user "HTTP/1.1 200 OK"]
[2025-01-16 23:34:59,063: INFO: helpers: Accessing as Adamya113]
[2025-01-16 23:34:59,782: INFO: _client: HTTP Request: GET https://dagshub.com/api/v1/repos/Adamya113/Rent_Prediction_Using_ML "HTTP/1.1 200 OK"]
[2025-01-16 23:35:00,193: INFO: _client: HTTP Request: GET https://dagshub.com/api/v1/user "HTTP/1.1 200 OK"]
[2025-01-16 23:35:00,210: INFO: helpers: Initialized MLflow to track repo "Adamya113/Rent_Prediction_Using_ML"]
[2025-01-16 23:35:00,222: INFO: helpers: Repository Adamya113/Rent_Prediction_Using_ML initialized!]
[2025-01-16 23:35:22,254: INFO: common: json file saved at: artifacts\model_evaluation\metrics.json]
[2025-01-16 23:42:19,347: INFO: common: yaml file: config\config.yaml loaded successfully]
[2025-01-16 23:42:19,421: INFO: common: yaml file: params.yaml loaded successfully]
[2025-01-16 23:42:19,435: INFO: common: yaml file: schema.yaml loaded successfully]
[2025-01-16 23:42:19,487: INFO: common: created directory at: artifacts]
[2025-01-16 23:42:19,498: INFO: common: created directory at: artifacts/model_evaluation]
[2025-01-16 23:42:20,921: INFO: _client: HTTP Request: GET https://dagshub.com/api/v1/repos/Adamya113/Rent_Prediction_Using_ML "HTTP/1.1 200 OK"]
[2025-01-16 23:42:20,986: INFO: helpers: Initialized MLflow to track repo "Adamya113/Rent_Prediction_Using_ML"]
[2025-01-16 23:42:21,005: INFO: helpers: Repository Adamya113/Rent_Prediction_Using_ML initialized!]
[2025-01-16 23:42:21,885: INFO: common: json file saved at: artifacts\model_evaluation\metrics.json]
[2025-01-17 01:58:23,649: INFO: main: >>>>>> stage Data Ingestion stage started <<<<<<]
[2025-01-17 01:58:23,663: INFO: common: yaml file: config\config.yaml loaded successfully]
[2025-01-17 01:58:23,713: INFO: common: yaml file: params.yaml loaded successfully]
[2025-01-17 01:58:23,717: INFO: common: yaml file: schema.yaml loaded successfully]
[2025-01-17 01:58:23,720: INFO: common: created directory at: artifacts]
[2025-01-17 01:58:23,726: INFO: common: created directory at: artifacts/data_ingestion]
[2025-01-17 01:58:24,711: INFO: data_ingestion: artifacts/data_ingestion/data.zip download! with following info: 
Connection: close
Content-Length: 149033
Cache-Control: max-age=300
Content-Security-Policy: default-src 'none'; style-src 'unsafe-inline'; sandbox
Content-Type: application/zip
ETag: "1cf4713e338b79ad845098a87bd17724d79ac22710af186683a4d8a153ebb8a9"
Strict-Transport-Security: max-age=31536000
X-Content-Type-Options: nosniff
X-Frame-Options: deny
X-XSS-Protection: 1; mode=block
X-GitHub-Request-Id: CB90:151AA:A084:105D6:67896BE7
Accept-Ranges: bytes
Date: Thu, 16 Jan 2025 20:28:24 GMT
Via: 1.1 varnish
X-Served-By: cache-del21723-DEL
X-Cache: MISS
X-Cache-Hits: 0
X-Timer: S1737059304.002885,VS0,VE334
Vary: Authorization,Accept-Encoding,Origin
Access-Control-Allow-Origin: *
Cross-Origin-Resource-Policy: cross-origin
X-Fastly-Request-ID: f011386f31118cc348bc9892a5251b7360a50dc0
Expires: Thu, 16 Jan 2025 20:33:24 GMT
Source-Age: 0

]
[2025-01-17 01:58:24,852: INFO: main: >>>>>> stage Data Ingestion stage completed <<<<<<

x==========x]
[2025-01-17 01:58:24,852: INFO: main: >>>>>> stage Data Validation stage started <<<<<<]
[2025-01-17 01:58:24,868: INFO: common: yaml file: config\config.yaml loaded successfully]
[2025-01-17 01:58:24,875: INFO: common: yaml file: params.yaml loaded successfully]
[2025-01-17 01:58:25,031: INFO: common: yaml file: schema.yaml loaded successfully]
[2025-01-17 01:58:25,066: INFO: common: created directory at: artifacts]
[2025-01-17 01:58:25,068: INFO: common: created directory at: artifacts/data_validation]
[2025-01-17 01:58:25,295: INFO: main: >>>>>> stage Data Validation stage completed <<<<<<

x==========x]
[2025-01-17 01:58:25,296: INFO: main: >>>>>> stage Data Transformation stage started <<<<<<]
[2025-01-17 01:58:25,481: INFO: common: yaml file: config\config.yaml loaded successfully]
[2025-01-17 01:58:25,484: INFO: common: yaml file: params.yaml loaded successfully]
[2025-01-17 01:58:25,495: INFO: common: yaml file: schema.yaml loaded successfully]
[2025-01-17 01:58:25,498: INFO: common: created directory at: artifacts]
[2025-01-17 01:58:25,500: INFO: common: created directory at: artifacts/data_transformation]
[2025-01-17 01:58:26,026: INFO: data_transformation: Splited data into training and test sets]
[2025-01-17 01:58:26,026: INFO: data_transformation: (9495, 6)]
[2025-01-17 01:58:26,027: INFO: data_transformation: (3165, 6)]
[2025-01-17 01:58:26,049: INFO: main: >>>>>> stage Data Transformation stage completed <<<<<<

x==========x]
[2025-01-17 01:58:26,050: INFO: main: >>>>>> stage Model Trainer stage started <<<<<<]
[2025-01-17 01:58:26,065: INFO: common: yaml file: config\config.yaml loaded successfully]
[2025-01-17 01:58:26,067: INFO: common: yaml file: params.yaml loaded successfully]
[2025-01-17 01:58:26,077: INFO: common: yaml file: schema.yaml loaded successfully]
[2025-01-17 01:58:26,078: INFO: common: created directory at: artifacts]
[2025-01-17 01:58:26,118: INFO: common: created directory at: artifacts/model_trainer]
[2025-01-17 01:58:51,978: INFO: model_trainer: [epoch:0]: The training loss=6346508800.0]
[2025-01-17 01:59:23,663: INFO: model_trainer: [epoch:10]: The training loss=6273866240.0]
[2025-01-17 01:59:50,034: INFO: model_trainer: [epoch:20]: The training loss=5704491520.0]
[2025-01-17 02:00:00,983: INFO: main: >>>>>> stage Model Trainer stage completed <<<<<<

x==========x]
[2025-01-17 02:00:00,983: INFO: main: >>>>>> stage Model evaluation stage started <<<<<<]
[2025-01-17 02:00:01,020: INFO: common: yaml file: config\config.yaml loaded successfully]
[2025-01-17 02:00:01,036: INFO: common: yaml file: params.yaml loaded successfully]
[2025-01-17 02:00:01,047: INFO: common: yaml file: schema.yaml loaded successfully]
[2025-01-17 02:00:01,052: INFO: common: created directory at: artifacts]
[2025-01-17 02:00:01,053: INFO: common: created directory at: artifacts/model_evaluation]
[2025-01-17 02:00:02,248: INFO: _client: HTTP Request: GET https://dagshub.com/api/v1/user "HTTP/1.1 200 OK"]
[2025-01-17 02:00:02,431: INFO: helpers: Accessing as Adamya113]
[2025-01-17 02:00:02,894: INFO: _client: HTTP Request: GET https://dagshub.com/api/v1/repos/Adamya113/Rent_Prediction_Using_ML "HTTP/1.1 200 OK"]
[2025-01-17 02:00:03,354: INFO: _client: HTTP Request: GET https://dagshub.com/api/v1/user "HTTP/1.1 200 OK"]
[2025-01-17 02:00:03,365: INFO: helpers: Initialized MLflow to track repo "Adamya113/Rent_Prediction_Using_ML"]
[2025-01-17 02:00:03,368: INFO: helpers: Repository Adamya113/Rent_Prediction_Using_ML initialized!]
[2025-01-17 02:00:06,984: INFO: common: json file saved at: artifacts\model_evaluation\metrics.json]
[2025-01-17 02:01:51,899: INFO: main: >>>>>> stage Model evaluation stage completed <<<<<<

x==========x]
